<?xml version="1.0" encoding="UTF-8"?>
<testsuite xmlns:xsi="http://www.w3.org/2001/XMLSchema-instance" xsi:noNamespaceSchemaLocation="https://maven.apache.org/surefire/maven-surefire-plugin/xsd/surefire-test-report.xsd" version="3.0.2" name="com.pm.api_gateway.ApiGatewayApplicationTests" time="2.16" tests="1" errors="0" skipped="0" failures="0">
  <properties>
[...]
</properties>
  <testcase name="contextLoads" classname="com.pm.api_gateway.ApiGatewayApplicationTests" time="0.474">
    <system-out><![CDATA[00:03:42.198 [main] INFO org.springframework.test.context.support.AnnotationConfigContextLoaderUtils -- Could not detect default configuration classes for test class [com.pm.api_gateway.ApiGatewayApplicationTests]: ApiGatewayApplicationTests does not declare any static, non-private, non-final, nested classes annotated with @Configuration.
00:03:42.255 [main] INFO org.springframework.boot.test.context.SpringBootTestContextBootstrapper -- Found @SpringBootConfiguration com.pm.api_gateway.ApiGatewayApplication for test class com.pm.api_gateway.ApiGatewayApplicationTests

  .   ____          _            __ _ _
 /\\ / ___'_ __ _ _(_)_ __  __ _ \ \ \ \
( ( )\___ | '_ | '_| | '_ \/ _` | \ \ \ \
 \\/  ___)| |_)| | | | | || (_| |  ) ) ) )
  '  |____| .__|_| |_|_| |_\__, | / / / /
 =========|_|==============|___/=/_/_/_/

 :: Spring Boot ::                (v3.4.1)

2026-03-28T00:03:42.647+05:30  INFO 14562 --- [           main] c.p.a.ApiGatewayApplicationTests         : Starting ApiGatewayApplicationTests using Java 21.0.8 with PID 14562 (started by sagarthokala in /Users/sagarthokala/PatientManagement/api-gateway)
2026-03-28T00:03:42.648+05:30  INFO 14562 --- [           main] c.p.a.ApiGatewayApplicationTests         : No active profile set, falling back to 1 default profile: "default"
2026-03-28T00:03:42.917+05:30 TRACE 14562 --- [           main] o.s.c.g.c.c.OnEnabledGlobalFilter        : Condition OnEnabledGlobalFilter on org.springframework.cloud.gateway.config.GatewayAutoConfiguration$NettyConfiguration#routingFilter matched
2026-03-28T00:03:42.918+05:30 TRACE 14562 --- [           main] o.s.c.g.c.c.OnEnabledGlobalFilter        : Condition OnEnabledGlobalFilter on org.springframework.cloud.gateway.config.GatewayAutoConfiguration$NettyConfiguration#nettyWriteResponseFilter matched
2026-03-28T00:03:42.919+05:30 TRACE 14562 --- [           main] o.s.c.g.c.c.OnEnabledGlobalFilter        : Condition OnEnabledGlobalFilter on org.springframework.cloud.gateway.config.GatewayAutoConfiguration$NettyConfiguration#reactorNettyWebSocketClient matched
2026-03-28T00:03:42.919+05:30 TRACE 14562 --- [           main] o.s.c.g.c.c.OnEnabledGlobalFilter        : Condition OnEnabledGlobalFilter on org.springframework.cloud.gateway.config.GatewayAutoConfiguration$NettyConfiguration#reactorNettyRequestUpgradeStrategy matched
2026-03-28T00:03:42.945+05:30 TRACE 14562 --- [           main] o.s.c.g.c.c.OnEnabledGlobalFilter        : Condition OnEnabledGlobalFilter on org.springframework.cloud.gateway.config.GatewayAutoConfiguration#adaptCachedBodyGlobalFilter matched
2026-03-28T00:03:42.945+05:30 TRACE 14562 --- [           main] o.s.c.g.c.c.OnEnabledGlobalFilter        : Condition OnEnabledGlobalFilter on org.springframework.cloud.gateway.config.GatewayAutoConfiguration#removeCachedBodyFilter matched
2026-03-28T00:03:42.946+05:30 TRACE 14562 --- [           main] o.s.c.g.c.c.OnEnabledGlobalFilter        : Condition OnEnabledGlobalFilter on org.springframework.cloud.gateway.config.GatewayAutoConfiguration#routeToRequestUrlFilter matched
2026-03-28T00:03:42.946+05:30 TRACE 14562 --- [           main] o.s.c.g.c.c.OnEnabledGlobalFilter        : Condition OnEnabledGlobalFilter on org.springframework.cloud.gateway.config.GatewayAutoConfiguration#forwardRoutingFilter matched
2026-03-28T00:03:42.946+05:30 TRACE 14562 --- [           main] o.s.c.g.c.c.OnEnabledGlobalFilter        : Condition OnEnabledGlobalFilter on org.springframework.cloud.gateway.config.GatewayAutoConfiguration#forwardPathFilter matched
2026-03-28T00:03:42.947+05:30 TRACE 14562 --- [           main] o.s.c.g.c.c.OnEnabledGlobalFilter        : Condition OnEnabledGlobalFilter on org.springframework.cloud.gateway.config.GatewayAutoConfiguration#webSocketService matched
2026-03-28T00:03:42.947+05:30 TRACE 14562 --- [           main] o.s.c.g.c.c.OnEnabledGlobalFilter        : Condition OnEnabledGlobalFilter on org.springframework.cloud.gateway.config.GatewayAutoConfiguration#websocketRoutingFilter matched
2026-03-28T00:03:42.948+05:30 TRACE 14562 --- [           main] o.s.c.g.c.c.OnEnabledPredicate           : Condition OnEnabledPredicate on org.springframework.cloud.gateway.config.GatewayAutoConfiguration#weightCalculatorWebFilter matched
2026-03-28T00:03:42.948+05:30 TRACE 14562 --- [           main] o.s.c.g.c.c.OnEnabledPredicate           : Condition OnEnabledPredicate on org.springframework.cloud.gateway.config.GatewayAutoConfiguration#afterRoutePredicateFactory matched
2026-03-28T00:03:42.949+05:30 TRACE 14562 --- [           main] o.s.c.g.c.c.OnEnabledPredicate           : Condition OnEnabledPredicate on org.springframework.cloud.gateway.config.GatewayAutoConfiguration#beforeRoutePredicateFactory matched
2026-03-28T00:03:42.949+05:30 TRACE 14562 --- [           main] o.s.c.g.c.c.OnEnabledPredicate           : Condition OnEnabledPredicate on org.springframework.cloud.gateway.config.GatewayAutoConfiguration#betweenRoutePredicateFactory matched
2026-03-28T00:03:42.949+05:30 TRACE 14562 --- [           main] o.s.c.g.c.c.OnEnabledPredicate           : Condition OnEnabledPredicate on org.springframework.cloud.gateway.config.GatewayAutoConfiguration#cookieRoutePredicateFactory matched
2026-03-28T00:03:42.950+05:30 TRACE 14562 --- [           main] o.s.c.g.c.c.OnEnabledPredicate           : Condition OnEnabledPredicate on org.springframework.cloud.gateway.config.GatewayAutoConfiguration#headerRoutePredicateFactory matched
2026-03-28T00:03:42.950+05:30 TRACE 14562 --- [           main] o.s.c.g.c.c.OnEnabledPredicate           : Condition OnEnabledPredicate on org.springframework.cloud.gateway.config.GatewayAutoConfiguration#hostRoutePredicateFactory matched
2026-03-28T00:03:42.950+05:30 TRACE 14562 --- [           main] o.s.c.g.c.c.OnEnabledPredicate           : Condition OnEnabledPredicate on org.springframework.cloud.gateway.config.GatewayAutoConfiguration#methodRoutePredicateFactory matched
2026-03-28T00:03:42.951+05:30 TRACE 14562 --- [           main] o.s.c.g.c.c.OnEnabledPredicate           : Condition OnEnabledPredicate on org.springframework.cloud.gateway.config.GatewayAutoConfiguration#pathRoutePredicateFactory matched
2026-03-28T00:03:42.951+05:30 TRACE 14562 --- [           main] o.s.c.g.c.c.OnEnabledPredicate           : Condition OnEnabledPredicate on org.springframework.cloud.gateway.config.GatewayAutoConfiguration#queryRoutePredicateFactory matched
2026-03-28T00:03:42.951+05:30 TRACE 14562 --- [           main] o.s.c.g.c.c.OnEnabledPredicate           : Condition OnEnabledPredicate on org.springframework.cloud.gateway.config.GatewayAutoConfiguration#readBodyPredicateFactory matched
2026-03-28T00:03:42.952+05:30 TRACE 14562 --- [           main] o.s.c.g.c.c.OnEnabledPredicate           : Condition OnEnabledPredicate on org.springframework.cloud.gateway.config.GatewayAutoConfiguration#remoteAddrRoutePredicateFactory matched
2026-03-28T00:03:42.952+05:30 TRACE 14562 --- [           main] o.s.c.g.c.c.OnEnabledPredicate           : Condition OnEnabledPredicate on org.springframework.cloud.gateway.config.GatewayAutoConfiguration#xForwardedRemoteAddrRoutePredicateFactory matched
2026-03-28T00:03:42.953+05:30 TRACE 14562 --- [           main] o.s.c.g.c.c.OnEnabledPredicate           : Condition OnEnabledPredicate on org.springframework.cloud.gateway.config.GatewayAutoConfiguration#weightRoutePredicateFactory matched
2026-03-28T00:03:42.953+05:30 TRACE 14562 --- [           main] o.s.c.g.c.c.OnEnabledPredicate           : Condition OnEnabledPredicate on org.springframework.cloud.gateway.config.GatewayAutoConfiguration#cloudFoundryRouteServiceRoutePredicateFactory matched
2026-03-28T00:03:42.954+05:30 TRACE 14562 --- [           main] o.s.c.g.c.conditional.OnEnabledFilter    : Condition OnEnabledFilter on org.springframework.cloud.gateway.config.GatewayAutoConfiguration#addRequestHeaderGatewayFilterFactory matched
2026-03-28T00:03:42.954+05:30 TRACE 14562 --- [           main] o.s.c.g.c.conditional.OnEnabledFilter    : Condition OnEnabledFilter on org.springframework.cloud.gateway.config.GatewayAutoConfiguration#addRequestHeadersIfNotPresentGatewayFilterFactory matched
2026-03-28T00:03:42.955+05:30 TRACE 14562 --- [           main] o.s.c.g.c.conditional.OnEnabledFilter    : Condition OnEnabledFilter on org.springframework.cloud.gateway.config.GatewayAutoConfiguration#mapRequestHeaderGatewayFilterFactory matched
2026-03-28T00:03:42.955+05:30 TRACE 14562 --- [           main] o.s.c.g.c.conditional.OnEnabledFilter    : Condition OnEnabledFilter on org.springframework.cloud.gateway.config.GatewayAutoConfiguration#addRequestParameterGatewayFilterFactory matched
2026-03-28T00:03:42.955+05:30 TRACE 14562 --- [           main] o.s.c.g.c.conditional.OnEnabledFilter    : Condition OnEnabledFilter on org.springframework.cloud.gateway.config.GatewayAutoConfiguration#addResponseHeaderGatewayFilterFactory matched
2026-03-28T00:03:42.956+05:30 TRACE 14562 --- [           main] o.s.c.g.c.conditional.OnEnabledFilter    : Condition OnEnabledFilter on org.springframework.cloud.gateway.config.GatewayAutoConfiguration#modifyRequestBodyGatewayFilterFactory matched
2026-03-28T00:03:42.956+05:30 TRACE 14562 --- [           main] o.s.c.g.c.conditional.OnEnabledFilter    : Condition OnEnabledFilter on org.springframework.cloud.gateway.config.GatewayAutoConfiguration#dedupeResponseHeaderGatewayFilterFactory matched
2026-03-28T00:03:42.957+05:30 TRACE 14562 --- [           main] o.s.c.g.c.conditional.OnEnabledFilter    : Condition OnEnabledFilter on org.springframework.cloud.gateway.config.GatewayAutoConfiguration#modifyResponseBodyGatewayFilterFactory matched
2026-03-28T00:03:42.957+05:30 TRACE 14562 --- [           main] o.s.c.g.c.conditional.OnEnabledFilter    : Condition OnEnabledFilter on org.springframework.cloud.gateway.config.GatewayAutoConfiguration#cacheRequestBodyGatewayFilterFactory matched
2026-03-28T00:03:42.958+05:30 TRACE 14562 --- [           main] o.s.c.g.c.conditional.OnEnabledFilter    : Condition OnEnabledFilter on org.springframework.cloud.gateway.config.GatewayAutoConfiguration#prefixPathGatewayFilterFactory matched
2026-03-28T00:03:42.958+05:30 TRACE 14562 --- [           main] o.s.c.g.c.conditional.OnEnabledFilter    : Condition OnEnabledFilter on org.springframework.cloud.gateway.config.GatewayAutoConfiguration#preserveHostHeaderGatewayFilterFactory matched
2026-03-28T00:03:42.958+05:30 TRACE 14562 --- [           main] o.s.c.g.c.conditional.OnEnabledFilter    : Condition OnEnabledFilter on org.springframework.cloud.gateway.config.GatewayAutoConfiguration#redirectToGatewayFilterFactory matched
2026-03-28T00:03:42.959+05:30 TRACE 14562 --- [           main] o.s.c.g.c.conditional.OnEnabledFilter    : Condition OnEnabledFilter on org.springframework.cloud.gateway.config.GatewayAutoConfiguration#removeJsonAttributesResponseBodyGatewayFilterFactory matched
2026-03-28T00:03:42.959+05:30 TRACE 14562 --- [           main] o.s.c.g.c.conditional.OnEnabledFilter    : Condition OnEnabledFilter on org.springframework.cloud.gateway.config.GatewayAutoConfiguration#removeRequestHeaderGatewayFilterFactory matched
2026-03-28T00:03:42.960+05:30 TRACE 14562 --- [           main] o.s.c.g.c.conditional.OnEnabledFilter    : Condition OnEnabledFilter on org.springframework.cloud.gateway.config.GatewayAutoConfiguration#removeRequestParameterGatewayFilterFactory matched
2026-03-28T00:03:42.960+05:30 TRACE 14562 --- [           main] o.s.c.g.c.conditional.OnEnabledFilter    : Condition OnEnabledFilter on org.springframework.cloud.gateway.config.GatewayAutoConfiguration#removeResponseHeaderGatewayFilterFactory matched
2026-03-28T00:03:42.970+05:30 TRACE 14562 --- [           main] o.s.c.g.c.conditional.OnEnabledFilter    : Condition OnEnabledFilter on org.springframework.cloud.gateway.config.GatewayAutoConfiguration#rewritePathGatewayFilterFactory matched
2026-03-28T00:03:42.970+05:30 TRACE 14562 --- [           main] o.s.c.g.c.conditional.OnEnabledFilter    : Condition OnEnabledFilter on org.springframework.cloud.gateway.config.GatewayAutoConfiguration#retryGatewayFilterFactory matched
2026-03-28T00:03:42.971+05:30 TRACE 14562 --- [           main] o.s.c.g.c.conditional.OnEnabledFilter    : Condition OnEnabledFilter on org.springframework.cloud.gateway.config.GatewayAutoConfiguration#setPathGatewayFilterFactory matched
2026-03-28T00:03:42.971+05:30 TRACE 14562 --- [           main] o.s.c.g.c.conditional.OnEnabledFilter    : Condition OnEnabledFilter on org.springframework.cloud.gateway.config.GatewayAutoConfiguration#secureHeadersGatewayFilterFactory matched
2026-03-28T00:03:42.971+05:30 TRACE 14562 --- [           main] o.s.c.g.c.conditional.OnEnabledFilter    : Condition OnEnabledFilter on org.springframework.cloud.gateway.config.GatewayAutoConfiguration#setRequestHeaderGatewayFilterFactory matched
2026-03-28T00:03:42.972+05:30 TRACE 14562 --- [           main] o.s.c.g.c.conditional.OnEnabledFilter    : Condition OnEnabledFilter on org.springframework.cloud.gateway.config.GatewayAutoConfiguration#setRequestHostHeaderGatewayFilterFactory matched
2026-03-28T00:03:42.972+05:30 TRACE 14562 --- [           main] o.s.c.g.c.conditional.OnEnabledFilter    : Condition OnEnabledFilter on org.springframework.cloud.gateway.config.GatewayAutoConfiguration#setResponseHeaderGatewayFilterFactory matched
2026-03-28T00:03:42.972+05:30 TRACE 14562 --- [           main] o.s.c.g.c.conditional.OnEnabledFilter    : Condition OnEnabledFilter on org.springframework.cloud.gateway.config.GatewayAutoConfiguration#rewriteResponseHeaderGatewayFilterFactory matched
2026-03-28T00:03:42.973+05:30 TRACE 14562 --- [           main] o.s.c.g.c.conditional.OnEnabledFilter    : Condition OnEnabledFilter on org.springframework.cloud.gateway.config.GatewayAutoConfiguration#rewriteLocationResponseHeaderGatewayFilterFactory matched
2026-03-28T00:03:42.974+05:30 TRACE 14562 --- [           main] o.s.c.g.c.conditional.OnEnabledFilter    : Condition OnEnabledFilter on org.springframework.cloud.gateway.config.GatewayAutoConfiguration#setStatusGatewayFilterFactory matched
2026-03-28T00:03:42.975+05:30 TRACE 14562 --- [           main] o.s.c.g.c.conditional.OnEnabledFilter    : Condition OnEnabledFilter on org.springframework.cloud.gateway.config.GatewayAutoConfiguration#saveSessionGatewayFilterFactory matched
2026-03-28T00:03:42.975+05:30 TRACE 14562 --- [           main] o.s.c.g.c.conditional.OnEnabledFilter    : Condition OnEnabledFilter on org.springframework.cloud.gateway.config.GatewayAutoConfiguration#stripPrefixGatewayFilterFactory matched
2026-03-28T00:03:42.975+05:30 TRACE 14562 --- [           main] o.s.c.g.c.conditional.OnEnabledFilter    : Condition OnEnabledFilter on org.springframework.cloud.gateway.config.GatewayAutoConfiguration#requestHeaderToRequestUriGatewayFilterFactory matched
2026-03-28T00:03:42.976+05:30 TRACE 14562 --- [           main] o.s.c.g.c.conditional.OnEnabledFilter    : Condition OnEnabledFilter on org.springframework.cloud.gateway.config.GatewayAutoConfiguration#requestSizeGatewayFilterFactory matched
2026-03-28T00:03:42.976+05:30 TRACE 14562 --- [           main] o.s.c.g.c.conditional.OnEnabledFilter    : Condition OnEnabledFilter on org.springframework.cloud.gateway.config.GatewayAutoConfiguration#requestHeaderSizeGatewayFilterFactory matched
2026-03-28T00:03:42.977+05:30 TRACE 14562 --- [           main] o.s.c.g.c.conditional.OnEnabledFilter    : Condition OnEnabledFilter on org.springframework.cloud.gateway.config.GatewayAutoConfiguration#rewriteRequestParameterGatewayFilterFactory matched
2026-03-28T00:03:43.126+05:30  INFO 14562 --- [           main] o.s.cloud.context.scope.GenericScope     : BeanFactory id=b36d22e0-572a-348d-8407-85f283cd152f
2026-03-28T00:03:43.518+05:30 DEBUG 14562 --- [           main] o.s.c.gateway.config.GatewayProperties   : Routes supplied from Gateway Properties: [RouteDefinition{id='patient-service-route', predicates=[PredicateDefinition{name='Path', args={_genkey_0=/api/patients/**}}], filters=[FilterDefinition{name='RewritePath', args={_genkey_0=/api/patients(?<segment>/?.*), _genkey_1=/patients${segment}}}], uri=http://patient-service:4000, order=0, metadata={}, enabled=true}, RouteDefinition{id='api-docs-patient-route', predicates=[PredicateDefinition{name='Path', args={_genkey_0=/api-docs/patients}}], filters=[FilterDefinition{name='RewritePath', args={_genkey_0=/api-docs/patients, _genkey_1=/v3/api-docs}}], uri=http://patient-service:4000, order=0, metadata={}, enabled=true}, RouteDefinition{id='api-docs-auth-route', predicates=[PredicateDefinition{name='Path', args={_genkey_0=/api-docs/auth}}], filters=[FilterDefinition{name='RewritePath', args={_genkey_0=/api-docs/auth, _genkey_1=/v3/api-docs}}], uri=http://auth-service:4005, order=0, metadata={}, enabled=true}]
2026-03-28T00:03:43.630+05:30  INFO 14562 --- [           main] o.s.c.g.r.RouteDefinitionRouteLocator    : Loaded RoutePredicateFactory [After]
2026-03-28T00:03:43.630+05:30  INFO 14562 --- [           main] o.s.c.g.r.RouteDefinitionRouteLocator    : Loaded RoutePredicateFactory [Before]
2026-03-28T00:03:43.630+05:30  INFO 14562 --- [           main] o.s.c.g.r.RouteDefinitionRouteLocator    : Loaded RoutePredicateFactory [Between]
2026-03-28T00:03:43.630+05:30  INFO 14562 --- [           main] o.s.c.g.r.RouteDefinitionRouteLocator    : Loaded RoutePredicateFactory [Cookie]
2026-03-28T00:03:43.630+05:30  INFO 14562 --- [           main] o.s.c.g.r.RouteDefinitionRouteLocator    : Loaded RoutePredicateFactory [Header]
2026-03-28T00:03:43.630+05:30  INFO 14562 --- [           main] o.s.c.g.r.RouteDefinitionRouteLocator    : Loaded RoutePredicateFactory [Host]
2026-03-28T00:03:43.630+05:30  INFO 14562 --- [           main] o.s.c.g.r.RouteDefinitionRouteLocator    : Loaded RoutePredicateFactory [Method]
2026-03-28T00:03:43.630+05:30  INFO 14562 --- [           main] o.s.c.g.r.RouteDefinitionRouteLocator    : Loaded RoutePredicateFactory [Path]
2026-03-28T00:03:43.630+05:30  INFO 14562 --- [           main] o.s.c.g.r.RouteDefinitionRouteLocator    : Loaded RoutePredicateFactory [Query]
2026-03-28T00:03:43.630+05:30  INFO 14562 --- [           main] o.s.c.g.r.RouteDefinitionRouteLocator    : Loaded RoutePredicateFactory [ReadBody]
2026-03-28T00:03:43.630+05:30  INFO 14562 --- [           main] o.s.c.g.r.RouteDefinitionRouteLocator    : Loaded RoutePredicateFactory [RemoteAddr]
2026-03-28T00:03:43.630+05:30  INFO 14562 --- [           main] o.s.c.g.r.RouteDefinitionRouteLocator    : Loaded RoutePredicateFactory [XForwardedRemoteAddr]
2026-03-28T00:03:43.631+05:30  INFO 14562 --- [           main] o.s.c.g.r.RouteDefinitionRouteLocator    : Loaded RoutePredicateFactory [Weight]
2026-03-28T00:03:43.631+05:30  INFO 14562 --- [           main] o.s.c.g.r.RouteDefinitionRouteLocator    : Loaded RoutePredicateFactory [CloudFoundryRouteService]
2026-03-28T00:03:43.761+05:30 DEBUG 14562 --- [           main] o.s.c.g.r.RouteDefinitionRouteLocator    : RouteDefinition patient-service-route applying {_genkey_0=/api/patients/**} to Path
2026-03-28T00:03:43.774+05:30 DEBUG 14562 --- [           main] o.s.c.g.r.RouteDefinitionRouteLocator    : RouteDefinition patient-service-route applying filter {_genkey_0=/api/patients(?<segment>/?.*), _genkey_1=/patients${segment}} to RewritePath
2026-03-28T00:03:43.782+05:30 DEBUG 14562 --- [           main] o.s.c.g.r.RouteDefinitionRouteLocator    : RouteDefinition matched: patient-service-route
2026-03-28T00:03:43.782+05:30 DEBUG 14562 --- [           main] o.s.c.g.r.RouteDefinitionRouteLocator    : RouteDefinition api-docs-patient-route applying {_genkey_0=/api-docs/patients} to Path
2026-03-28T00:03:43.783+05:30 DEBUG 14562 --- [           main] o.s.c.g.r.RouteDefinitionRouteLocator    : RouteDefinition api-docs-patient-route applying filter {_genkey_0=/api-docs/patients, _genkey_1=/v3/api-docs} to RewritePath
2026-03-28T00:03:43.783+05:30 DEBUG 14562 --- [           main] o.s.c.g.r.RouteDefinitionRouteLocator    : RouteDefinition matched: api-docs-patient-route
2026-03-28T00:03:43.784+05:30 DEBUG 14562 --- [           main] o.s.c.g.r.RouteDefinitionRouteLocator    : RouteDefinition api-docs-auth-route applying {_genkey_0=/api-docs/auth} to Path
2026-03-28T00:03:43.784+05:30 DEBUG 14562 --- [           main] o.s.c.g.r.RouteDefinitionRouteLocator    : RouteDefinition api-docs-auth-route applying filter {_genkey_0=/api-docs/auth, _genkey_1=/v3/api-docs} to RewritePath
2026-03-28T00:03:43.785+05:30 DEBUG 14562 --- [           main] o.s.c.g.r.RouteDefinitionRouteLocator    : RouteDefinition matched: api-docs-auth-route
2026-03-28T00:03:43.789+05:30  INFO 14562 --- [           main] c.p.a.ApiGatewayApplicationTests         : Started ApiGatewayApplicationTests in 1.324 seconds (process running for 1.978)
]]></system-out>
    <system-err><![CDATA[Mockito is currently self-attaching to enable the inline-mock-maker. This will no longer work in future releases of the JDK. Please add Mockito as an agent to your build what is described in Mockito's documentation: https://javadoc.io/doc/org.mockito/mockito-core/latest/org/mockito/Mockito.html#0.3
WARNING: A Java agent has been loaded dynamically (/Users/sagarthokala/.m2/repository/net/bytebuddy/byte-buddy-agent/1.15.11/byte-buddy-agent-1.15.11.jar)
WARNING: If a serviceability tool is in use, please run with -XX:+EnableDynamicAgentLoading to hide this warning
WARNING: If a serviceability tool is not in use, please run with -Djdk.instrument.traceUsage for more information
WARNING: Dynamic loading of agents will be disallowed by default in a future release
]]></system-err>
  </testcase>
</testsuite>